<?xml version="1.0" encoding="UTF-8"?>
<testsuite xmlns:xsi="http://www.w3.org/2001/XMLSchema-instance" xsi:noNamespaceSchemaLocation="https://maven.apache.org/surefire/maven-surefire-plugin/xsd/surefire-test-report.xsd" name="com.objis.demomaven.AppTest" time="0.058" tests="1" errors="0" skipped="0" failures="0">
  <properties>
    <property name="java.specification.version" value="15"/>
    <property name="sun.cpu.isalist" value="amd64"/>
    <property name="sun.jnu.encoding" value="Cp1252"/>
    <property name="java.class.path" value="C:\TP4\monappli-service\target\test-classes;C:\TP4\monappli-service\target\classes;C:\Users\daori\.m2\repository\junit\junit\4.11\junit-4.11.jar;C:\Users\daori\.m2\repository\org\hamcrest\hamcrest-core\1.3\hamcrest-core-1.3.jar;C:\TP4\monappli-dao\target\monappli-dao-1.0-SNAPSHOT.jar;C:\TP4\monappli-domaine\target\monappli-domaine-1.0-SNAPSHOT.jar;C:\Users\daori\.m2\repository\org\hibernate\hibernate-core\4.2.2.Final\hibernate-core-4.2.2.Final.jar;C:\Users\daori\.m2\repository\antlr\antlr\2.7.7\antlr-2.7.7.jar;C:\Users\daori\.m2\repository\org\jboss\logging\jboss-logging\3.1.0.GA\jboss-logging-3.1.0.GA.jar;C:\Users\daori\.m2\repository\dom4j\dom4j\1.6.1\dom4j-1.6.1.jar;C:\Users\daori\.m2\repository\org\jboss\spec\javax\transaction\jboss-transaction-api_1.1_spec\1.0.1.Final\jboss-transaction-api_1.1_spec-1.0.1.Final.jar;C:\Users\daori\.m2\repository\org\hibernate\javax\persistence\hibernate-jpa-2.0-api\1.0.1.Final\hibernate-jpa-2.0-api-1.0.1.Final.jar;C:\Users\daori\.m2\repository\org\hibernate\common\hibernate-commons-annotations\4.0.2.Final\hibernate-commons-annotations-4.0.2.Final.jar;C:\Users\daori\.m2\repository\org\javassist\javassist\3.15.0-GA\javassist-3.15.0-GA.jar;"/>
    <property name="java.vm.vendor" value="Oracle Corporation"/>
    <property name="sun.arch.data.model" value="64"/>
    <property name="user.variant" value=""/>
    <property name="java.vendor.url" value="https://java.oracle.com/"/>
    <property name="user.timezone" value="Europe/Paris"/>
    <property name="os.name" value="Windows 10"/>
    <property name="java.vm.specification.version" value="15"/>
    <property name="sun.java.launcher" value="SUN_STANDARD"/>
    <property name="user.country" value="FR"/>
    <property name="sun.boot.library.path" value="C:\Program Files\Java\jdk-15.0.2\bin"/>
    <property name="sun.java.command" value="C:\Users\daori\AppData\Local\Temp\surefire12506259723270988512\surefirebooter10356897146064674734.jar C:\Users\daori\AppData\Local\Temp\surefire12506259723270988512 2021-02-19T13-14-41_512-jvmRun1 surefire14911951441082752320tmp surefire_27107458246726747592tmp"/>
    <property name="jdk.debug" value="release"/>
    <property name="surefire.test.class.path" value="C:\TP4\monappli-service\target\test-classes;C:\TP4\monappli-service\target\classes;C:\Users\daori\.m2\repository\junit\junit\4.11\junit-4.11.jar;C:\Users\daori\.m2\repository\org\hamcrest\hamcrest-core\1.3\hamcrest-core-1.3.jar;C:\TP4\monappli-dao\target\monappli-dao-1.0-SNAPSHOT.jar;C:\TP4\monappli-domaine\target\monappli-domaine-1.0-SNAPSHOT.jar;C:\Users\daori\.m2\repository\org\hibernate\hibernate-core\4.2.2.Final\hibernate-core-4.2.2.Final.jar;C:\Users\daori\.m2\repository\antlr\antlr\2.7.7\antlr-2.7.7.jar;C:\Users\daori\.m2\repository\org\jboss\logging\jboss-logging\3.1.0.GA\jboss-logging-3.1.0.GA.jar;C:\Users\daori\.m2\repository\dom4j\dom4j\1.6.1\dom4j-1.6.1.jar;C:\Users\daori\.m2\repository\org\jboss\spec\javax\transaction\jboss-transaction-api_1.1_spec\1.0.1.Final\jboss-transaction-api_1.1_spec-1.0.1.Final.jar;C:\Users\daori\.m2\repository\org\hibernate\javax\persistence\hibernate-jpa-2.0-api\1.0.1.Final\hibernate-jpa-2.0-api-1.0.1.Final.jar;C:\Users\daori\.m2\repository\org\hibernate\common\hibernate-commons-annotations\4.0.2.Final\hibernate-commons-annotations-4.0.2.Final.jar;C:\Users\daori\.m2\repository\org\javassist\javassist\3.15.0-GA\javassist-3.15.0-GA.jar;"/>
    <property name="sun.cpu.endian" value="little"/>
    <property name="user.home" value="C:\Users\daori"/>
    <property name="user.language" value="fr"/>
    <property name="java.specification.vendor" value="Oracle Corporation"/>
    <property name="java.version.date" value="2021-01-19"/>
    <property name="java.home" value="C:\Program Files\Java\jdk-15.0.2"/>
    <property name="file.separator" value="\"/>
    <property name="basedir" value="C:\TP4\monappli-service"/>
    <property name="java.vm.compressedOopsMode" value="Zero based"/>
    <property name="line.separator" value="&#10;"/>
    <property name="java.vm.specification.vendor" value="Oracle Corporation"/>
    <property name="java.specification.name" value="Java Platform API Specification"/>
    <property name="surefire.real.class.path" value="C:\Users\daori\AppData\Local\Temp\surefire12506259723270988512\surefirebooter10356897146064674734.jar"/>
    <property name="user.script" value=""/>
    <property name="sun.management.compiler" value="HotSpot 64-Bit Tiered Compilers"/>
    <property name="java.runtime.version" value="15.0.2+7-27"/>
    <property name="user.name" value="daori"/>
    <property name="path.separator" value=";"/>
    <property name="os.version" value="10.0"/>
    <property name="java.runtime.name" value="Java(TM) SE Runtime Environment"/>
    <property name="file.encoding" value="Cp1252"/>
    <property name="java.vm.name" value="Java HotSpot(TM) 64-Bit Server VM"/>
    <property name="localRepository" value="C:\Users\daori\.m2\repository"/>
    <property name="java.vendor.url.bug" value="https://bugreport.java.com/bugreport/"/>
    <property name="java.io.tmpdir" value="C:\Users\daori\AppData\Local\Temp\"/>
    <property name="java.version" value="15.0.2"/>
    <property name="user.dir" value="C:\TP4\monappli-service"/>
    <property name="os.arch" value="amd64"/>
    <property name="java.vm.specification.name" value="Java Virtual Machine Specification"/>
    <property name="sun.os.patch.level" value=""/>
    <property name="java.library.path" value="C:\Program Files\Java\jdk-15.0.2\bin;C:\Windows\Sun\Java\bin;C:\Windows\system32;C:\Windows;C:\Program Files\Common Files\Oracle\Java\javapath;C:\Windows\system32;C:\Windows;C:\Windows\System32\Wbem;C:\Windows\System32\WindowsPowerShell\v1.0\;C:\Windows\System32\OpenSSH\;C:\Program Files (x86)\NVIDIA Corporation\PhysX\Common;C:\Program Files\NVIDIA Corporation\NVIDIA NvDLISR;C:\Program Files\nodejs\;C:\Program Files\dotnet\;C:\Program Files\Microsoft SQL Server\130\Tools\Binn\;C:\Program Files\Microsoft SQL Server\Client SDK\ODBC\170\Tools\Binn\;C:\ProgramData\chocolatey\lib\tinyxml2\lib;C:\ProgramData\chocolatey\lib\log4cxx\lib;C:\ProgramData\chocolatey\lib\cunit\lib;C:\Program Files\Java\jdk-11.0.9;C:\Program Files\Git\cmd;C:\mingw\bin;C:\Strawberry\c\bin;C:\Strawberry\perl\site\bin;C:\Strawberry\perl\bin;C:\Ruby27-x64;C:\Program Files\MySQL\MySQL Shell 8.0\bin\;C:\Users\daori\AppData\Local\Microsoft\WindowsApps;C:\Users\daori\AppData\Local\atom\bin;C:\Users\daori\AppData\Roaming\npm;C:\ProgramData\chocoportable\bin;C:\OpenSSL-Win64\bin\;C:\Users\daori\.dotnet\tools;C:\Program Files\CMake\bin;C:\opencv\x64\vc16\bin;C:\Program Files\Git\cmd;C:\Program Files\Java\jdk-11.0.9\bin;C:\flutter_windows_1.22.5-stable\flutter\bin;C:\mingw\bin;C:\Program Files\JetBrains\CLion 2020.3\bin;C:\Exercism;C:\tools\dart-sdk\bin;C:\Users\daori\AppData\Roaming\Pub\Cache\bin;C:\Users\daori\AppData\Local\gitkraken\bin;C:\Qt\Tools\Conan;C:\Qt\Tools\Ninja;C:\Program Files (x86)\GnuWin32\bin;C:\Strawberry\perl\bin;C:\Python27;C:\sqlite-tools-win32-x86-3340100;C:\icu4c-68_2-Win64-MSVC2019;C:\Users\daori\Downloads\apache-maven-3.6.3-bin\apache-maven-3.6.3\bin;%JAVA_HOME%bin;C:\Program Files\Notepad++;C:\Users\daori\Downloads\jetty-home-11.0.0\bin;;."/>
    <property name="java.vm.info" value="mixed mode, sharing"/>
    <property name="java.vendor" value="Oracle Corporation"/>
    <property name="java.vm.version" value="15.0.2+7-27"/>
    <property name="sun.io.unicode.encoding" value="UnicodeLittle"/>
    <property name="java.class.version" value="59.0"/>
  </properties>
  <testcase name="shouldAnswerWithTrue" classname="com.objis.demomaven.AppTest" time="0.001"/>
</testsuite>